TRACE 2018-02-17T14:12:07.241 Application launch 
TRACE 2018-02-17T14:12:07.242 Attempting to use "" language 
TRACE 2018-02-17T14:12:07.242 Language file not found, attempting "en-US" 
TRACE 2018-02-17T14:12:07.242 Creating main window for application 
TRACE 2018-02-17T14:12:07.294 HID device arrival:  Vendor "46d" product "a5e" 
TRACE 2018-02-17T14:12:07.303 DFU device arrival:  Vendor "46d" product "a5e" 
TRACE 2018-02-17T14:12:07.303 DFU device arrival:  Vendor "5ac" product "8290" 
TRACE 2018-02-17T14:12:07.303 DFU device arrival:  Vendor "5ac" product "8007" 
TRACE 2018-02-17T14:12:07.304 Initializing user interface for main window 
TRACE 2018-02-17T14:12:07.309 Initializing display pages for application 
TRACE 2018-02-17T14:12:07.309 Creating device connection page 
TRACE 2018-02-17T14:12:07.315 Creating ready to upgrade page 
TRACE 2018-02-17T14:12:07.318 Creating key cleanup page 
TRACE 2018-02-17T14:12:07.319 Creating bootloader installer page 
TRACE 2018-02-17T14:12:07.320 Creating firmware upgrade page 
TRACE 2018-02-17T14:12:07.320 Creating image upload page 
TRACE 2018-02-17T14:12:07.320 Creating success page 
TRACE 2018-02-17T14:12:07.321 Creating error page 
TRACE 2018-02-17T14:12:07.321 Initializing device connection page 
TRACE 2018-02-17T14:12:07.372 Starting application run loop 
TRACE 2018-02-17T14:12:07.410 Performing post-initialization for device connection page 
TRACE 2018-02-17T14:12:07.430 Handling report of size 67 
TRACE 2018-02-17T14:12:07.430 "Report:  0 2 0 65 0 0 0 0 0 0 0 0 0 0 0 0 0 0 0 0 0 0 0 0 0 0 0 0 0 0 0 0 0 0 0 0 0 0 0 0 0 0 0 0 0 0 0 0 0 0 0 0 0 0 0 0 0 0 0 0 0 0 0 0 0 0 0 " 
TRACE 2018-02-17T14:12:07.430 Version: "2.0.101"  ( 2 ,  0 ,  101 ) 
TRACE 2018-02-17T14:12:07.431 Handling report of size 67 
TRACE 2018-02-17T14:12:07.431 "Report:  0 a2 60 65 0 0 0 0 0 0 0 0 0 0 0 0 0 0 0 0 0 0 0 0 0 0 0 0 0 0 0 0 0 0 0 0 0 0 0 0 0 0 0 0 0 0 0 0 0 0 0 0 0 0 0 0 0 0 0 0 0 0 0 0 0 0 0 " 
TRACE 2018-02-17T14:12:07.431 Navigating to next page 
TRACE 2018-02-17T14:12:07.431 Uninitializing device connection page 
TRACE 2018-02-17T14:12:07.432 Initializing ready to upgrade page 
TRACE 2018-02-17T14:12:07.432 Speaker is up to date 
TRACE 2018-02-17T14:12:07.465 Performing post-initialization for ready to upgrade page 
TRACE 2018-02-17T14:12:32.247 DFU device removal:  Vendor "46d" product "a5e" 
TRACE 2018-02-17T14:12:32.257 HID device removal:  Vendor "46d" product "a5e" 
TRACE 2018-02-17T14:12:32.257 Device "Maximus" removed 
TRACE 2018-02-17T14:12:32.257 Navigating to previous page 
TRACE 2018-02-17T14:12:32.258 Uninitializing ready to upgrade page 
TRACE 2018-02-17T14:12:32.258 Initializing device connection page 
TRACE 2018-02-17T14:12:32.337 Performing post-initialization for device connection page 
TRACE 2018-02-17T15:30:14.821 DFU device arrival:  Vendor "5ac" product "8406" 
TRACE 2018-02-17T15:33:03.180 DFU device removal:  Vendor "5ac" product "8406" 
TRACE 2018-02-17T16:02:07.852 DFU device arrival:  Vendor "5ac" product "8406" 
TRACE 2018-02-17T16:03:39.315 DFU device removal:  Vendor "5ac" product "8406" 
TRACE 2018-02-17T16:03:39.838 DFU device arrival:  Vendor "5ac" product "8406" 
TRACE 2018-02-17T16:04:37.311 DFU device removal:  Vendor "5ac" product "8406" 
TRACE 2018-02-17T16:04:37.846 DFU device arrival:  Vendor "5ac" product "8406" 
TRACE 2018-02-17T16:08:16.316 DFU device removal:  Vendor "5ac" product "8406" 
TRACE 2018-02-17T16:08:16.881 DFU device arrival:  Vendor "5ac" product "8406" 
TRACE 2018-02-17T16:09:24.321 DFU device removal:  Vendor "5ac" product "8406" 
TRACE 2018-02-17T16:09:24.869 DFU device arrival:  Vendor "5ac" product "8406" 
TRACE 2018-02-17T16:16:37.321 DFU device removal:  Vendor "5ac" product "8406" 
TRACE 2018-02-17T16:16:37.881 DFU device arrival:  Vendor "5ac" product "8406" 
TRACE 2018-02-17T16:17:51.327 DFU device removal:  Vendor "5ac" product "8406" 
TRACE 2018-02-17T16:17:51.895 DFU device arrival:  Vendor "5ac" product "8406" 
TRACE 2018-02-17T16:22:31.324 DFU device removal:  Vendor "5ac" product "8406" 
TRACE 2018-02-17T16:22:31.868 DFU device arrival:  Vendor "5ac" product "8406" 
TRACE 2018-02-17T16:22:58.321 DFU device removal:  Vendor "5ac" product "8406" 
TRACE 2018-02-17T16:22:58.853 DFU device arrival:  Vendor "5ac" product "8406" 
TRACE 2018-02-17T16:23:41.322 DFU device removal:  Vendor "5ac" product "8406" 
TRACE 2018-02-17T16:23:41.843 DFU device arrival:  Vendor "5ac" product "8406" 
TRACE 2018-02-17T16:28:53.353 DFU device removal:  Vendor "5ac" product "8406" 
TRACE 2018-02-17T16:28:53.834 DFU device arrival:  Vendor "5ac" product "8406" 
TRACE 2018-02-17T16:30:43.228 DFU device removal:  Vendor "5ac" product "8406" 
TRACE 2018-02-17T16:36:14.903 DFU device arrival:  Vendor "5ac" product "8406" 
TRACE 2018-02-17T16:38:25.395 DFU device removal:  Vendor "5ac" product "8406" 
TRACE 2018-02-17T16:38:25.907 DFU device arrival:  Vendor "5ac" product "8406" 
TRACE 2018-02-17T16:40:15.812 DFU device removal:  Vendor "5ac" product "8406" 
TRACE 2018-02-17T17:00:45.929 DFU device arrival:  Vendor "5ac" product "8406" 
TRACE 2018-02-17T17:05:19.414 DFU device removal:  Vendor "5ac" product "8406" 
TRACE 2018-02-17T17:05:19.948 DFU device arrival:  Vendor "5ac" product "8406" 
TRACE 2018-02-17T17:05:50.416 DFU device removal:  Vendor "5ac" product "8406" 
TRACE 2018-02-17T17:05:50.970 DFU device arrival:  Vendor "5ac" product "8406" 
TRACE 2018-02-17T17:10:29.421 DFU device removal:  Vendor "5ac" product "8406" 
TRACE 2018-02-17T17:10:29.942 DFU device arrival:  Vendor "5ac" product "8406" 
TRACE 2018-02-17T17:15:01.415 DFU device removal:  Vendor "5ac" product "8406" 
TRACE 2018-02-17T17:15:01.945 DFU device arrival:  Vendor "5ac" product "8406" 
TRACE 2018-02-17T17:19:38.417 DFU device removal:  Vendor "5ac" product "8406" 
TRACE 2018-02-17T17:19:38.943 DFU device arrival:  Vendor "5ac" product "8406" 
TRACE 2018-02-17T17:20:09.416 DFU device removal:  Vendor "5ac" product "8406" 
TRACE 2018-02-17T17:20:09.985 DFU device arrival:  Vendor "5ac" product "8406" 
TRACE 2018-02-17T17:24:47.427 DFU device removal:  Vendor "5ac" product "8406" 
TRACE 2018-02-17T17:24:47.943 DFU device arrival:  Vendor "5ac" product "8406" 
TRACE 2018-02-17T17:29:19.420 DFU device removal:  Vendor "5ac" product "8406" 
TRACE 2018-02-17T17:29:19.948 DFU device arrival:  Vendor "5ac" product "8406" 
TRACE 2018-02-17T17:33:56.421 DFU device removal:  Vendor "5ac" product "8406" 
TRACE 2018-02-17T17:33:56.948 DFU device arrival:  Vendor "5ac" product "8406" 
TRACE 2018-02-17T17:34:27.422 DFU device removal:  Vendor "5ac" product "8406" 
TRACE 2018-02-17T17:34:27.969 DFU device arrival:  Vendor "5ac" product "8406" 
TRACE 2018-02-17T17:39:05.422 DFU device removal:  Vendor "5ac" product "8406" 
TRACE 2018-02-17T17:39:05.953 DFU device arrival:  Vendor "5ac" product "8406" 
TRACE 2018-02-17T17:43:37.421 DFU device removal:  Vendor "5ac" product "8406" 
TRACE 2018-02-17T17:43:37.947 DFU device arrival:  Vendor "5ac" product "8406" 
TRACE 2018-02-17T17:48:14.431 DFU device removal:  Vendor "5ac" product "8406" 
TRACE 2018-02-17T17:48:14.934 DFU device arrival:  Vendor "5ac" product "8406" 
TRACE 2018-02-17T17:52:46.422 DFU device removal:  Vendor "5ac" product "8406" 
TRACE 2018-02-17T17:52:46.953 DFU device arrival:  Vendor "5ac" product "8406" 
TRACE 2018-02-17T17:57:23.423 DFU device removal:  Vendor "5ac" product "8406" 
TRACE 2018-02-17T17:57:23.936 DFU device arrival:  Vendor "5ac" product "8406" 
TRACE 2018-02-17T17:57:58.421 DFU device removal:  Vendor "5ac" product "8406" 
TRACE 2018-02-17T17:57:58.940 DFU device arrival:  Vendor "5ac" product "8406" 
TRACE 2018-02-17T18:02:36.423 DFU device removal:  Vendor "5ac" product "8406" 
TRACE 2018-02-17T18:02:36.954 DFU device arrival:  Vendor "5ac" product "8406" 
TRACE 2018-02-17T18:07:08.424 DFU device removal:  Vendor "5ac" product "8406" 
TRACE 2018-02-17T18:07:08.955 DFU device arrival:  Vendor "5ac" product "8406" 
TRACE 2018-02-17T18:11:45.427 DFU device removal:  Vendor "5ac" product "8406" 
TRACE 2018-02-17T18:11:45.953 DFU device arrival:  Vendor "5ac" product "8406" 
TRACE 2018-02-17T18:12:16.423 DFU device removal:  Vendor "5ac" product "8406" 
TRACE 2018-02-17T18:12:16.989 DFU device arrival:  Vendor "5ac" product "8406" 
TRACE 2018-02-17T18:16:54.417 DFU device removal:  Vendor "5ac" product "8406" 
TRACE 2018-02-17T18:16:54.944 DFU device arrival:  Vendor "5ac" product "8406" 
TRACE 2018-02-17T18:21:26.426 DFU device removal:  Vendor "5ac" product "8406" 
TRACE 2018-02-17T18:21:26.957 DFU device arrival:  Vendor "5ac" product "8406" 
TRACE 2018-02-17T18:24:53.425 DFU device removal:  Vendor "5ac" product "8406" 
TRACE 2018-02-17T18:24:53.990 DFU device arrival:  Vendor "5ac" product "8406" 
TRACE 2018-02-17T18:29:31.429 DFU device removal:  Vendor "5ac" product "8406" 
TRACE 2018-02-17T18:29:31.963 DFU device arrival:  Vendor "5ac" product "8406" 
TRACE 2018-02-17T18:34:03.432 DFU device removal:  Vendor "5ac" product "8406" 
TRACE 2018-02-17T18:34:03.961 DFU device arrival:  Vendor "5ac" product "8406" 
TRACE 2018-02-17T18:38:40.425 DFU device removal:  Vendor "5ac" product "8406" 
TRACE 2018-02-17T18:38:40.954 DFU device arrival:  Vendor "5ac" product "8406" 
TRACE 2018-02-17T18:43:12.426 DFU device removal:  Vendor "5ac" product "8406" 
TRACE 2018-02-17T18:43:12.961 DFU device arrival:  Vendor "5ac" product "8406" 
TRACE 2018-02-17T18:47:44.428 DFU device removal:  Vendor "5ac" product "8406" 
TRACE 2018-02-17T18:47:44.964 DFU device arrival:  Vendor "5ac" product "8406" 
TRACE 2018-02-17T18:52:16.428 DFU device removal:  Vendor "5ac" product "8406" 
TRACE 2018-02-17T18:52:16.955 DFU device arrival:  Vendor "5ac" product "8406" 
TRACE 2018-02-17T18:56:48.422 DFU device removal:  Vendor "5ac" product "8406" 
TRACE 2018-02-17T18:56:48.953 DFU device arrival:  Vendor "5ac" product "8406" 
TRACE 2018-02-17T19:01:20.429 DFU device removal:  Vendor "5ac" product "8406" 
TRACE 2018-02-17T19:01:20.959 DFU device arrival:  Vendor "5ac" product "8406" 
TRACE 2018-02-17T19:05:52.428 DFU device removal:  Vendor "5ac" product "8406" 
TRACE 2018-02-17T19:05:52.961 DFU device arrival:  Vendor "5ac" product "8406" 
TRACE 2018-02-17T19:10:24.429 DFU device removal:  Vendor "5ac" product "8406" 
TRACE 2018-02-17T19:10:24.963 DFU device arrival:  Vendor "5ac" product "8406" 
TRACE 2018-02-17T19:14:56.431 DFU device removal:  Vendor "5ac" product "8406" 
TRACE 2018-02-17T19:14:56.955 DFU device arrival:  Vendor "5ac" product "8406" 
TRACE 2018-02-17T19:19:28.430 DFU device removal:  Vendor "5ac" product "8406" 
TRACE 2018-02-17T19:19:28.979 DFU device arrival:  Vendor "5ac" product "8406" 
TRACE 2018-02-17T19:37:45.437 DFU device removal:  Vendor "5ac" product "8406" 
TRACE 2018-02-17T19:37:45.954 DFU device arrival:  Vendor "5ac" product "8406" 
TRACE 2018-02-17T19:58:53.430 DFU device removal:  Vendor "5ac" product "8406" 
TRACE 2018-02-17T19:58:53.960 DFU device arrival:  Vendor "5ac" product "8406" 
TRACE 2018-02-17T20:04:47.758 DFU device removal:  Vendor "5ac" product "8290" 
TRACE 2018-02-17T20:04:47.769 DFU device removal:  Vendor "5ac" product "8406" 
TRACE 2018-02-17T20:04:47.769 DFU device arrival:  Vendor "5ac" product "8406" 
TRACE 2018-02-17T20:04:48.710 DFU device arrival:  Vendor "5ac" product "8290" 
TRACE 2018-02-17T20:10:55.230 DFU device removal:  Vendor "5ac" product "8290" 
TRACE 2018-02-17T20:10:55.293 DFU device removal:  Vendor "5ac" product "8406" 
TRACE 2018-02-17T20:10:55.293 DFU device arrival:  Vendor "5ac" product "8406" 
TRACE 2018-02-17T20:10:55.294 DFU device arrival:  Vendor "5ac" product "8290" 
TRACE 2018-02-17T20:12:34.368 DFU device removal:  Vendor "5ac" product "8290" 
TRACE 2018-02-17T20:12:34.379 DFU device removal:  Vendor "5ac" product "8406" 
TRACE 2018-02-17T20:12:34.379 DFU device arrival:  Vendor "5ac" product "8406" 
TRACE 2018-02-17T20:12:34.379 DFU device arrival:  Vendor "5ac" product "8290" 
TRACE 2018-02-17T20:13:38.239 DFU device removal:  Vendor "5ac" product "8290" 
TRACE 2018-02-17T20:13:38.243 DFU device removal:  Vendor "5ac" product "8406" 
TRACE 2018-02-17T20:13:38.244 DFU device arrival:  Vendor "5ac" product "8406" 
TRACE 2018-02-17T20:13:38.244 DFU device arrival:  Vendor "5ac" product "8290" 
TRACE 2018-02-17T20:14:31.104 DFU device removal:  Vendor "5ac" product "8290" 
TRACE 2018-02-17T20:14:31.111 DFU device removal:  Vendor "5ac" product "8406" 
TRACE 2018-02-17T20:14:31.111 DFU device arrival:  Vendor "5ac" product "8406" 
TRACE 2018-02-17T20:14:31.111 DFU device arrival:  Vendor "5ac" product "8290" 
TRACE 2018-02-17T20:16:05.027 DFU device removal:  Vendor "5ac" product "8290" 
TRACE 2018-02-17T20:16:05.347 DFU device removal:  Vendor "5ac" product "8406" 
TRACE 2018-02-17T20:16:05.348 DFU device arrival:  Vendor "5ac" product "8406" 
TRACE 2018-02-17T20:16:05.348 DFU device arrival:  Vendor "5ac" product "8290" 
TRACE 2018-02-17T20:17:26.137 DFU device removal:  Vendor "5ac" product "8290" 
TRACE 2018-02-17T20:17:26.142 DFU device removal:  Vendor "5ac" product "8406" 
TRACE 2018-02-17T20:17:26.143 DFU device arrival:  Vendor "5ac" product "8406" 
TRACE 2018-02-17T20:17:26.143 DFU device arrival:  Vendor "5ac" product "8290" 
TRACE 2018-02-17T20:18:52.986 DFU device removal:  Vendor "5ac" product "8290" 
TRACE 2018-02-17T20:18:52.996 DFU device removal:  Vendor "5ac" product "8406" 
TRACE 2018-02-17T20:18:52.997 DFU device arrival:  Vendor "5ac" product "8406" 
TRACE 2018-02-17T20:18:52.997 DFU device arrival:  Vendor "5ac" product "8290" 
TRACE 2018-02-17T20:23:34.132 DFU device removal:  Vendor "5ac" product "8290" 
TRACE 2018-02-17T20:23:34.138 DFU device removal:  Vendor "5ac" product "8406" 
TRACE 2018-02-17T20:23:34.138 DFU device arrival:  Vendor "5ac" product "8406" 
TRACE 2018-02-17T20:23:34.138 DFU device arrival:  Vendor "5ac" product "8290" 
TRACE 2018-02-18T01:32:39.279 DFU device removal:  Vendor "5ac" product "8290" 
TRACE 2018-02-18T01:32:39.439 DFU device removal:  Vendor "5ac" product "8406" 
TRACE 2018-02-18T01:32:39.439 DFU device arrival:  Vendor "5ac" product "8406" 
TRACE 2018-02-18T01:32:39.440 DFU device arrival:  Vendor "5ac" product "8290" 
TRACE 2018-02-18T01:33:47.115 DFU device removal:  Vendor "5ac" product "8290" 
TRACE 2018-02-18T01:33:47.147 DFU device removal:  Vendor "5ac" product "8406" 
TRACE 2018-02-18T01:33:47.148 DFU device arrival:  Vendor "5ac" product "8406" 
TRACE 2018-02-18T01:33:47.149 DFU device arrival:  Vendor "5ac" product "8290" 
TRACE 2018-02-18T02:06:47.877 DFU device removal:  Vendor "5ac" product "8290" 
TRACE 2018-02-18T02:06:47.882 DFU device removal:  Vendor "5ac" product "8406" 
TRACE 2018-02-18T02:06:47.882 DFU device arrival:  Vendor "5ac" product "8290" 
TRACE 2018-02-18T02:06:48.090 DFU device arrival:  Vendor "5ac" product "8406" 
TRACE 2018-02-18T02:11:30.304 DFU device removal:  Vendor "5ac" product "8290" 
TRACE 2018-02-18T02:11:30.343 DFU device removal:  Vendor "5ac" product "8406" 
TRACE 2018-02-18T02:11:30.343 DFU device arrival:  Vendor "5ac" product "8406" 
TRACE 2018-02-18T02:11:30.343 DFU device arrival:  Vendor "5ac" product "8290" 
TRACE 2018-02-18T02:36:32.109 DFU device removal:  Vendor "5ac" product "8290" 
TRACE 2018-02-18T02:36:32.114 DFU device removal:  Vendor "5ac" product "8406" 
TRACE 2018-02-18T02:36:32.115 DFU device arrival:  Vendor "5ac" product "8406" 
TRACE 2018-02-18T02:36:32.115 DFU device arrival:  Vendor "5ac" product "8290" 
TRACE 2018-02-18T02:37:42.106 DFU device removal:  Vendor "5ac" product "8290" 
TRACE 2018-02-18T02:37:42.111 DFU device removal:  Vendor "5ac" product "8406" 
TRACE 2018-02-18T02:37:42.111 DFU device arrival:  Vendor "5ac" product "8406" 
TRACE 2018-02-18T02:37:42.111 DFU device arrival:  Vendor "5ac" product "8290" 
TRACE 2018-02-18T02:39:04.915 DFU device removal:  Vendor "5ac" product "8290" 
TRACE 2018-02-18T02:39:05.242 DFU device removal:  Vendor "5ac" product "8406" 
TRACE 2018-02-18T02:39:05.244 DFU device arrival:  Vendor "5ac" product "8406" 
TRACE 2018-02-18T02:39:05.244 DFU device arrival:  Vendor "5ac" product "8290" 
TRACE 2018-02-18T02:40:11.202 DFU device removal:  Vendor "5ac" product "8290" 
TRACE 2018-02-18T02:40:11.264 DFU device removal:  Vendor "5ac" product "8406" 
TRACE 2018-02-18T02:40:11.264 DFU device arrival:  Vendor "5ac" product "8406" 
TRACE 2018-02-18T02:40:11.264 DFU device arrival:  Vendor "5ac" product "8290" 
TRACE 2018-02-18T02:46:59.236 DFU device removal:  Vendor "5ac" product "8290" 
TRACE 2018-02-18T02:46:59.308 DFU device removal:  Vendor "5ac" product "8406" 
TRACE 2018-02-18T02:46:59.311 DFU device arrival:  Vendor "5ac" product "8406" 
TRACE 2018-02-18T02:46:59.311 DFU device arrival:  Vendor "5ac" product "8290" 
TRACE 2018-02-18T04:35:06.260 DFU device removal:  Vendor "5ac" product "8290" 
TRACE 2018-02-18T04:35:06.266 DFU device removal:  Vendor "5ac" product "8406" 
TRACE 2018-02-18T04:35:06.266 DFU device arrival:  Vendor "5ac" product "8406" 
TRACE 2018-02-18T04:35:06.266 DFU device arrival:  Vendor "5ac" product "8290" 
TRACE 2018-02-18T04:59:52.100 DFU device removal:  Vendor "5ac" product "8290" 
TRACE 2018-02-18T04:59:52.152 DFU device removal:  Vendor "5ac" product "8406" 
TRACE 2018-02-18T04:59:52.154 DFU device arrival:  Vendor "5ac" product "8406" 
TRACE 2018-02-18T04:59:52.154 DFU device arrival:  Vendor "5ac" product "8290" 
TRACE 2018-02-18T13:27:03.365 DFU device removal:  Vendor "5ac" product "8290" 
TRACE 2018-02-18T13:27:03.374 DFU device removal:  Vendor "5ac" product "8406" 
TRACE 2018-02-18T13:27:03.374 DFU device arrival:  Vendor "5ac" product "8406" 
TRACE 2018-02-18T13:27:03.375 DFU device arrival:  Vendor "5ac" product "8290" 
TRACE 2018-02-18T13:31:51.237 DFU device removal:  Vendor "5ac" product "8406" 
TRACE 2018-02-18T13:43:37.975 DFU device arrival:  Vendor "5ac" product "8406" 
TRACE 2018-02-18T13:45:38.434 DFU device removal:  Vendor "5ac" product "8406" 
TRACE 2018-02-18T13:45:38.969 DFU device arrival:  Vendor "5ac" product "8406" 
TRACE 2018-02-18T13:52:51.436 DFU device removal:  Vendor "5ac" product "8406" 
TRACE 2018-02-18T13:52:51.967 DFU device arrival:  Vendor "5ac" product "8406" 
TRACE 2018-02-18T13:53:53.433 DFU device removal:  Vendor "5ac" product "8406" 
TRACE 2018-02-18T13:53:53.958 DFU device arrival:  Vendor "5ac" product "8406" 
TRACE 2018-02-18T13:55:44.431 DFU device removal:  Vendor "5ac" product "8406" 
TRACE 2018-02-18T13:55:44.960 DFU device arrival:  Vendor "5ac" product "8406" 
TRACE 2018-02-18T13:56:33.432 DFU device removal:  Vendor "5ac" product "8406" 
TRACE 2018-02-18T13:56:33.952 DFU device arrival:  Vendor "5ac" product "8406" 
TRACE 2018-02-18T13:58:00.430 DFU device removal:  Vendor "5ac" product "8406" 
TRACE 2018-02-18T13:58:00.953 DFU device arrival:  Vendor "5ac" product "8406" 
TRACE 2018-02-18T13:59:16.431 DFU device removal:  Vendor "5ac" product "8406" 
TRACE 2018-02-18T13:59:16.948 DFU device arrival:  Vendor "5ac" product "8406" 
TRACE 2018-02-18T13:59:51.429 DFU device removal:  Vendor "5ac" product "8406" 
TRACE 2018-02-18T13:59:51.953 DFU device arrival:  Vendor "5ac" product "8406" 
TRACE 2018-02-18T14:01:27.436 DFU device removal:  Vendor "5ac" product "8406" 
TRACE 2018-02-18T14:01:27.963 DFU device arrival:  Vendor "5ac" product "8406" 
TRACE 2018-02-18T14:02:06.427 DFU device removal:  Vendor "5ac" product "8406" 
TRACE 2018-02-18T14:02:06.958 DFU device arrival:  Vendor "5ac" product "8406" 
TRACE 2018-02-18T14:03:35.427 DFU device removal:  Vendor "5ac" product "8406" 
TRACE 2018-02-18T14:03:35.950 DFU device arrival:  Vendor "5ac" product "8406" 
TRACE 2018-02-18T14:04:53.425 DFU device removal:  Vendor "5ac" product "8406" 
TRACE 2018-02-18T14:04:53.938 DFU device arrival:  Vendor "5ac" product "8406" 
TRACE 2018-02-18T14:05:37.424 DFU device removal:  Vendor "5ac" product "8406" 
TRACE 2018-02-18T14:05:37.946 DFU device arrival:  Vendor "5ac" product "8406" 
TRACE 2018-02-18T14:06:14.424 DFU device removal:  Vendor "5ac" product "8406" 
TRACE 2018-02-18T14:06:14.953 DFU device arrival:  Vendor "5ac" product "8406" 
TRACE 2018-02-18T14:09:05.425 DFU device removal:  Vendor "5ac" product "8406" 
TRACE 2018-02-18T14:09:05.952 DFU device arrival:  Vendor "5ac" product "8406" 
TRACE 2018-02-18T14:10:07.421 DFU device removal:  Vendor "5ac" product "8406" 
TRACE 2018-02-18T14:10:07.941 DFU device arrival:  Vendor "5ac" product "8406" 
TRACE 2018-02-18T14:16:07.423 DFU device removal:  Vendor "5ac" product "8406" 
TRACE 2018-02-18T14:16:07.950 DFU device arrival:  Vendor "5ac" product "8406" 
TRACE 2018-02-18T14:18:02.428 DFU device removal:  Vendor "5ac" product "8406" 
TRACE 2018-02-18T14:18:02.953 DFU device arrival:  Vendor "5ac" product "8406" 
TRACE 2018-02-18T14:18:48.420 DFU device removal:  Vendor "5ac" product "8406" 
TRACE 2018-02-18T14:18:48.941 DFU device arrival:  Vendor "5ac" product "8406" 
TRACE 2018-02-18T14:19:51.419 DFU device removal:  Vendor "5ac" product "8406" 
TRACE 2018-02-18T14:19:51.942 DFU device arrival:  Vendor "5ac" product "8406" 
TRACE 2018-02-18T14:20:38.419 DFU device removal:  Vendor "5ac" product "8406" 
TRACE 2018-02-18T14:20:38.952 DFU device arrival:  Vendor "5ac" product "8406" 
TRACE 2018-02-18T14:24:19.413 DFU device removal:  Vendor "5ac" product "8406" 
TRACE 2018-02-18T14:24:19.948 DFU device arrival:  Vendor "5ac" product "8406" 
TRACE 2018-02-18T14:24:54.416 DFU device removal:  Vendor "5ac" product "8406" 
TRACE 2018-02-18T14:24:54.940 DFU device arrival:  Vendor "5ac" product "8406" 
TRACE 2018-02-18T14:25:29.416 DFU device removal:  Vendor "5ac" product "8406" 
TRACE 2018-02-18T14:25:29.930 DFU device arrival:  Vendor "5ac" product "8406" 
TRACE 2018-02-18T14:28:50.418 DFU device removal:  Vendor "5ac" product "8406" 
TRACE 2018-02-18T14:28:50.946 DFU device arrival:  Vendor "5ac" product "8406" 
TRACE 2018-02-18T14:29:30.414 DFU device removal:  Vendor "5ac" product "8406" 
TRACE 2018-02-18T14:29:30.937 DFU device arrival:  Vendor "5ac" product "8406" 
TRACE 2018-02-18T14:31:32.417 DFU device removal:  Vendor "5ac" product "8406" 
TRACE 2018-02-18T14:31:32.933 DFU device arrival:  Vendor "5ac" product "8406" 
TRACE 2018-02-18T14:32:29.411 DFU device removal:  Vendor "5ac" product "8406" 
TRACE 2018-02-18T14:32:29.931 DFU device arrival:  Vendor "5ac" product "8406" 
TRACE 2018-02-18T14:33:18.411 DFU device removal:  Vendor "5ac" product "8406" 
TRACE 2018-02-18T14:33:18.932 DFU device arrival:  Vendor "5ac" product "8406" 
TRACE 2018-02-18T14:34:22.409 DFU device removal:  Vendor "5ac" product "8406" 
TRACE 2018-02-18T14:34:22.932 DFU device arrival:  Vendor "5ac" product "8406" 
TRACE 2018-02-18T14:38:44.411 DFU device removal:  Vendor "5ac" product "8406" 
TRACE 2018-02-18T14:38:44.931 DFU device arrival:  Vendor "5ac" product "8406" 
TRACE 2018-02-18T14:51:50.409 DFU device removal:  Vendor "5ac" product "8406" 
TRACE 2018-02-18T14:51:50.943 DFU device arrival:  Vendor "5ac" product "8406" 
TRACE 2018-02-18T14:54:10.409 DFU device removal:  Vendor "5ac" product "8406" 
TRACE 2018-02-18T14:54:10.940 DFU device arrival:  Vendor "5ac" product "8406" 
TRACE 2018-02-18T14:55:16.409 DFU device removal:  Vendor "5ac" product "8406" 
TRACE 2018-02-18T14:55:16.940 DFU device arrival:  Vendor "5ac" product "8406" 
TRACE 2018-02-18T14:55:50.844 DFU device removal:  Vendor "5ac" product "8406" 
TRACE 2018-02-18T14:55:51.376 DFU device arrival:  Vendor "5ac" product "8406" 
TRACE 2018-02-18T14:56:51.404 DFU device removal:  Vendor "5ac" product "8406" 
TRACE 2018-02-18T14:56:51.932 DFU device arrival:  Vendor "5ac" product "8406" 
TRACE 2018-02-18T14:58:48.404 DFU device removal:  Vendor "5ac" product "8406" 
TRACE 2018-02-18T14:58:48.933 DFU device arrival:  Vendor "5ac" product "8406" 
TRACE 2018-02-18T15:01:45.401 DFU device removal:  Vendor "5ac" product "8406" 
TRACE 2018-02-18T15:01:45.931 DFU device arrival:  Vendor "5ac" product "8406" 
TRACE 2018-02-18T15:13:42.405 DFU device removal:  Vendor "5ac" product "8406" 
TRACE 2018-02-18T15:13:42.935 DFU device arrival:  Vendor "5ac" product "8406" 
TRACE 2018-02-18T15:20:37.402 DFU device removal:  Vendor "5ac" product "8406" 
TRACE 2018-02-18T15:20:37.935 DFU device arrival:  Vendor "5ac" product "8406" 
TRACE 2018-02-18T15:21:48.395 DFU device removal:  Vendor "5ac" product "8406" 
TRACE 2018-02-18T15:21:48.934 DFU device arrival:  Vendor "5ac" product "8406" 
TRACE 2018-02-18T15:22:23.398 DFU device removal:  Vendor "5ac" product "8406" 
TRACE 2018-02-18T15:22:23.915 DFU device arrival:  Vendor "5ac" product "8406" 
TRACE 2018-02-18T15:41:26.407 DFU device removal:  Vendor "5ac" product "8406" 
TRACE 2018-02-18T15:41:26.932 DFU device arrival:  Vendor "5ac" product "8406" 
TRACE 2018-02-18T15:42:31.398 DFU device removal:  Vendor "5ac" product "8406" 
TRACE 2018-02-18T15:42:31.932 DFU device arrival:  Vendor "5ac" product "8406" 
TRACE 2018-02-18T15:44:27.409 DFU device removal:  Vendor "5ac" product "8406" 
TRACE 2018-02-18T15:44:27.933 DFU device arrival:  Vendor "5ac" product "8406" 
TRACE 2018-02-18T15:45:55.396 DFU device removal:  Vendor "5ac" product "8406" 
TRACE 2018-02-18T15:45:55.931 DFU device arrival:  Vendor "5ac" product "8406" 
TRACE 2018-02-18T16:38:36.409 DFU device removal:  Vendor "5ac" product "8406" 
TRACE 2018-02-18T16:38:36.927 DFU device arrival:  Vendor "5ac" product "8406" 
TRACE 2018-02-18T18:26:44.241 DFU device removal:  Vendor "5ac" product "8290" 
TRACE 2018-02-18T18:26:44.245 DFU device removal:  Vendor "5ac" product "8406" 
TRACE 2018-02-18T18:26:44.245 DFU device arrival:  Vendor "5ac" product "8406" 
TRACE 2018-02-18T18:26:45.409 DFU device arrival:  Vendor "5ac" product "8290" 
TRACE 2018-02-18T19:27:05.147 DFU device removal:  Vendor "5ac" product "8290" 
TRACE 2018-02-18T19:27:05.179 DFU device removal:  Vendor "5ac" product "8406" 
TRACE 2018-02-18T19:27:05.180 DFU device arrival:  Vendor "5ac" product "8406" 
TRACE 2018-02-18T19:27:05.180 DFU device arrival:  Vendor "5ac" product "8290" 
TRACE 2018-02-18T19:28:25.052 DFU device removal:  Vendor "5ac" product "8290" 
TRACE 2018-02-18T19:28:25.144 DFU device removal:  Vendor "5ac" product "8406" 
TRACE 2018-02-18T19:28:25.144 DFU device arrival:  Vendor "5ac" product "8406" 
TRACE 2018-02-18T19:28:25.144 DFU device arrival:  Vendor "5ac" product "8290" 
TRACE 2018-02-18T20:00:00.036 DFU device removal:  Vendor "5ac" product "8290" 
TRACE 2018-02-18T20:00:00.043 DFU device removal:  Vendor "5ac" product "8406" 
TRACE 2018-02-18T20:00:00.044 DFU device arrival:  Vendor "5ac" product "8406" 
TRACE 2018-02-18T20:00:00.044 DFU device arrival:  Vendor "5ac" product "8290" 
TRACE 2018-02-18T20:53:44.125 DFU device removal:  Vendor "5ac" product "8290" 
TRACE 2018-02-18T20:53:44.135 DFU device removal:  Vendor "5ac" product "8406" 
TRACE 2018-02-18T20:53:44.135 DFU device arrival:  Vendor "5ac" product "8406" 
TRACE 2018-02-18T20:53:44.136 DFU device arrival:  Vendor "5ac" product "8290" 
TRACE 2018-02-18T20:56:26.033 DFU device removal:  Vendor "5ac" product "8290" 
TRACE 2018-02-18T20:56:26.040 DFU device removal:  Vendor "5ac" product "8406" 
TRACE 2018-02-18T20:56:26.040 DFU device arrival:  Vendor "5ac" product "8406" 
TRACE 2018-02-18T20:56:26.040 DFU device arrival:  Vendor "5ac" product "8290" 
TRACE 2018-02-18T20:57:11.974 DFU device removal:  Vendor "5ac" product "8406" 
TRACE 2018-02-18T20:57:11.981 DFU device arrival:  Vendor "5ac" product "8406" 
TRACE 2018-02-18T20:57:12.049 DFU device removal:  Vendor "5ac" product "8290" 
TRACE 2018-02-18T20:57:12.051 DFU device arrival:  Vendor "5ac" product "8290" 
TRACE 2018-02-18T21:08:52.984 DFU device removal:  Vendor "5ac" product "8290" 
TRACE 2018-02-18T21:08:53.039 DFU device removal:  Vendor "5ac" product "8406" 
TRACE 2018-02-18T21:08:53.040 DFU device arrival:  Vendor "5ac" product "8406" 
TRACE 2018-02-18T21:08:53.040 DFU device arrival:  Vendor "5ac" product "8290" 
TRACE 2018-02-18T21:50:28.999 DFU device removal:  Vendor "5ac" product "8290" 
TRACE 2018-02-18T21:50:29.016 DFU device removal:  Vendor "5ac" product "8406" 
TRACE 2018-02-18T21:50:29.016 DFU device arrival:  Vendor "5ac" product "8406" 
TRACE 2018-02-18T21:50:29.017 DFU device arrival:  Vendor "5ac" product "8290" 
TRACE 2018-02-18T21:54:00.086 DFU device removal:  Vendor "5ac" product "8290" 
TRACE 2018-02-18T21:54:00.149 DFU device removal:  Vendor "5ac" product "8406" 
TRACE 2018-02-18T21:54:00.150 DFU device arrival:  Vendor "5ac" product "8406" 
TRACE 2018-02-18T21:54:00.150 DFU device arrival:  Vendor "5ac" product "8290" 
TRACE 2018-02-18T21:55:01.155 DFU device removal:  Vendor "5ac" product "8290" 
TRACE 2018-02-18T21:55:01.160 DFU device removal:  Vendor "5ac" product "8406" 
TRACE 2018-02-18T21:55:01.160 DFU device arrival:  Vendor "5ac" product "8406" 
TRACE 2018-02-18T21:55:01.160 DFU device arrival:  Vendor "5ac" product "8290" 
TRACE 2018-02-18T21:56:03.121 DFU device removal:  Vendor "5ac" product "8290" 
TRACE 2018-02-18T21:56:03.150 DFU device removal:  Vendor "5ac" product "8406" 
TRACE 2018-02-18T21:56:03.151 DFU device arrival:  Vendor "5ac" product "8406" 
TRACE 2018-02-18T21:56:03.151 DFU device arrival:  Vendor "5ac" product "8290" 
TRACE 2018-02-18T21:57:43.001 DFU device removal:  Vendor "5ac" product "8290" 
TRACE 2018-02-18T21:57:43.005 DFU device removal:  Vendor "5ac" product "8406" 
TRACE 2018-02-18T21:57:43.005 DFU device arrival:  Vendor "5ac" product "8406" 
TRACE 2018-02-18T21:57:43.005 DFU device arrival:  Vendor "5ac" product "8290" 
TRACE 2018-02-18T21:58:28.941 DFU device removal:  Vendor "5ac" product "8290" 
TRACE 2018-02-18T21:58:28.947 DFU device removal:  Vendor "5ac" product "8406" 
TRACE 2018-02-18T21:58:28.947 DFU device arrival:  Vendor "5ac" product "8406" 
TRACE 2018-02-18T21:58:28.947 DFU device arrival:  Vendor "5ac" product "8290" 
TRACE 2018-02-18T22:11:16.982 DFU device removal:  Vendor "5ac" product "8290" 
TRACE 2018-02-18T22:11:16.987 DFU device removal:  Vendor "5ac" product "8406" 
TRACE 2018-02-18T22:11:16.988 DFU device arrival:  Vendor "5ac" product "8406" 
TRACE 2018-02-18T22:11:16.988 DFU device arrival:  Vendor "5ac" product "8290" 
TRACE 2018-02-18T22:17:13.012 DFU device removal:  Vendor "5ac" product "8290" 
TRACE 2018-02-18T22:17:13.015 DFU device removal:  Vendor "5ac" product "8406" 
TRACE 2018-02-18T22:17:13.016 DFU device arrival:  Vendor "5ac" product "8406" 
TRACE 2018-02-18T22:17:13.016 DFU device arrival:  Vendor "5ac" product "8290" 
TRACE 2018-02-18T23:01:58.170 DFU device removal:  Vendor "5ac" product "8290" 
TRACE 2018-02-18T23:01:58.250 DFU device removal:  Vendor "5ac" product "8406" 
TRACE 2018-02-18T23:01:58.250 DFU device arrival:  Vendor "5ac" product "8406" 
TRACE 2018-02-18T23:01:58.251 DFU device arrival:  Vendor "5ac" product "8290" 
TRACE 2018-02-18T23:03:34.008 DFU device removal:  Vendor "5ac" product "8290" 
TRACE 2018-02-18T23:03:34.017 DFU device removal:  Vendor "5ac" product "8406" 
TRACE 2018-02-18T23:03:34.017 DFU device arrival:  Vendor "5ac" product "8406" 
TRACE 2018-02-18T23:03:34.018 DFU device arrival:  Vendor "5ac" product "8290" 
TRACE 2018-02-18T23:05:01.027 DFU device removal:  Vendor "5ac" product "8290" 
TRACE 2018-02-18T23:05:01.037 DFU device removal:  Vendor "5ac" product "8406" 
TRACE 2018-02-18T23:05:01.038 DFU device arrival:  Vendor "5ac" product "8406" 
TRACE 2018-02-18T23:05:01.038 DFU device arrival:  Vendor "5ac" product "8290" 
TRACE 2018-02-18T23:05:49.010 DFU device removal:  Vendor "5ac" product "8406" 
TRACE 2018-02-18T23:05:49.020 DFU device arrival:  Vendor "5ac" product "8406" 
TRACE 2018-02-18T23:05:49.070 DFU device removal:  Vendor "5ac" product "8290" 
TRACE 2018-02-18T23:05:49.072 DFU device arrival:  Vendor "5ac" product "8290" 
TRACE 2018-02-18T23:18:09.010 DFU device removal:  Vendor "5ac" product "8290" 
TRACE 2018-02-18T23:18:09.014 DFU device removal:  Vendor "5ac" product "8406" 
TRACE 2018-02-18T23:18:09.014 DFU device arrival:  Vendor "5ac" product "8406" 
TRACE 2018-02-18T23:18:09.014 DFU device arrival:  Vendor "5ac" product "8290" 
TRACE 2018-02-18T23:26:48.009 DFU device removal:  Vendor "5ac" product "8290" 
TRACE 2018-02-18T23:26:48.016 DFU device removal:  Vendor "5ac" product "8406" 
TRACE 2018-02-18T23:26:48.016 DFU device arrival:  Vendor "5ac" product "8406" 
TRACE 2018-02-18T23:26:48.016 DFU device arrival:  Vendor "5ac" product "8290" 
TRACE 2018-02-18T23:27:35.007 DFU device removal:  Vendor "5ac" product "8290" 
TRACE 2018-02-18T23:27:35.011 DFU device removal:  Vendor "5ac" product "8406" 
TRACE 2018-02-18T23:27:35.012 DFU device arrival:  Vendor "5ac" product "8406" 
TRACE 2018-02-18T23:27:35.013 DFU device arrival:  Vendor "5ac" product "8290" 
TRACE 2018-02-18T23:28:24.063 DFU device removal:  Vendor "5ac" product "8406" 
TRACE 2018-02-18T23:28:24.100 DFU device removal:  Vendor "5ac" product "8290" 
TRACE 2018-02-18T23:28:24.101 DFU device arrival:  Vendor "5ac" product "8290" 
TRACE 2018-02-18T23:28:24.101 DFU device arrival:  Vendor "5ac" product "8406" 
TRACE 2018-02-18T23:29:44.894 DFU device removal:  Vendor "5ac" product "8290" 
TRACE 2018-02-18T23:29:44.904 DFU device removal:  Vendor "5ac" product "8406" 
TRACE 2018-02-18T23:29:44.905 DFU device arrival:  Vendor "5ac" product "8406" 
TRACE 2018-02-18T23:29:44.906 DFU device arrival:  Vendor "5ac" product "8290" 
TRACE 2018-02-19T01:17:55.266 DFU device removal:  Vendor "5ac" product "8290" 
TRACE 2018-02-19T01:17:55.273 DFU device removal:  Vendor "5ac" product "8406" 
TRACE 2018-02-19T01:17:55.274 DFU device arrival:  Vendor "5ac" product "8406" 
TRACE 2018-02-19T01:17:55.274 DFU device arrival:  Vendor "5ac" product "8290" 
TRACE 2018-02-19T01:39:36.008 DFU device removal:  Vendor "5ac" product "8290" 
TRACE 2018-02-19T01:39:36.013 DFU device removal:  Vendor "5ac" product "8406" 
TRACE 2018-02-19T01:39:36.013 DFU device arrival:  Vendor "5ac" product "8406" 
TRACE 2018-02-19T01:39:36.013 DFU device arrival:  Vendor "5ac" product "8290" 
TRACE 2018-02-19T11:39:04.402 DFU device removal:  Vendor "5ac" product "8290" 
TRACE 2018-02-19T11:39:04.427 DFU device removal:  Vendor "5ac" product "8406" 
TRACE 2018-02-19T11:39:04.427 DFU device arrival:  Vendor "5ac" product "8406" 
TRACE 2018-02-19T11:39:04.427 DFU device arrival:  Vendor "5ac" product "8290" 
TRACE 2018-02-19T11:40:33.381 DFU device removal:  Vendor "5ac" product "8406" 
TRACE 2018-02-19T11:40:33.892 DFU device arrival:  Vendor "5ac" product "8406" 
TRACE 2018-02-19T11:41:16.441 DFU device removal:  Vendor "5ac" product "8406" 
TRACE 2018-02-19T11:45:26.047 Uninitializing device connection page 
TRACE 2018-02-19T11:45:26.106 Application terminating with exit code  0 
